<?xml version="1.0" encoding="UTF-8"?>
<testsuite xmlns:xsi="http://www.w3.org/2001/XMLSchema-instance" xsi:noNamespaceSchemaLocation="https://maven.apache.org/surefire/maven-surefire-plugin/xsd/surefire-test-report.xsd" version="3.0.2" name="com.employee.springboot.thymeleafdemo.ThymeleafdemoApplicationTests" time="8.281" tests="1" errors="0" skipped="0" failures="0">
  <properties>
[...]
</properties>
  <testcase name="contextLoads" classname="com.employee.springboot.thymeleafdemo.ThymeleafdemoApplicationTests" time="0.641">
    <system-out><![CDATA[19:28:03.361 [main] INFO org.springframework.test.context.support.AnnotationConfigContextLoaderUtils -- Could not detect default configuration classes for test class [com.employee.springboot.thymeleafdemo.ThymeleafdemoApplicationTests]: ThymeleafdemoApplicationTests does not declare any static, non-private, non-final, nested classes annotated with @Configuration.
19:28:03.519 [main] INFO org.springframework.boot.test.context.SpringBootTestContextBootstrapper -- Found @SpringBootConfiguration com.employee.springboot.thymeleafdemo.ThymeleafdemoApplication for test class com.employee.springboot.thymeleafdemo.ThymeleafdemoApplicationTests
19:28:03.855 [main] INFO org.springframework.boot.devtools.restart.RestartApplicationListener -- Restart disabled due to context in which it is running

  .   ____          _            __ _ _
 /\\ / ___'_ __ _ _(_)_ __  __ _ \ \ \ \
( ( )\___ | '_ | '_| | '_ \/ _` | \ \ \ \
 \\/  ___)| |_)| | | | | || (_| |  ) ) ) )
  '  |____| .__|_| |_|_| |_\__, | / / / /
 =========|_|==============|___/=/_/_/_/

 :: Spring Boot ::                (v3.4.0)

2025-05-25T19:28:04.194+05:30  INFO 15096 --- [           main] c.e.s.t.ThymeleafdemoApplicationTests    : Starting ThymeleafdemoApplicationTests using Java 17.0.12 with PID 15096 (started by POOJA P CHOUHAN in C:\Users\POOJA P CHOUHAN\Downloads\dev-aws-spring-boot\employee-directory\employee-directory-backend)
2025-05-25T19:28:04.196+05:30  INFO 15096 --- [           main] c.e.s.t.ThymeleafdemoApplicationTests    : No active profile set, falling back to 1 default profile: "default"
2025-05-25T19:28:05.482+05:30  INFO 15096 --- [           main] .s.d.r.c.RepositoryConfigurationDelegate : Bootstrapping Spring Data JPA repositories in DEFAULT mode.
2025-05-25T19:28:05.574+05:30  INFO 15096 --- [           main] .s.d.r.c.RepositoryConfigurationDelegate : Finished Spring Data repository scanning in 74 ms. Found 2 JPA repository interfaces.
2025-05-25T19:28:06.288+05:30  INFO 15096 --- [           main] o.hibernate.jpa.internal.util.LogHelper  : HHH000204: Processing PersistenceUnitInfo [name: default]
2025-05-25T19:28:06.380+05:30  INFO 15096 --- [           main] org.hibernate.Version                    : HHH000412: Hibernate ORM core version 6.6.2.Final
2025-05-25T19:28:06.430+05:30  INFO 15096 --- [           main] o.h.c.internal.RegionFactoryInitiator    : HHH000026: Second-level cache disabled
2025-05-25T19:28:06.946+05:30  INFO 15096 --- [           main] o.s.o.j.p.SpringPersistenceUnitInfo      : No LoadTimeWeaver setup: ignoring JPA class transformer
2025-05-25T19:28:06.995+05:30  INFO 15096 --- [           main] com.zaxxer.hikari.HikariDataSource       : HikariPool-1 - Starting...
2025-05-25T19:28:07.420+05:30  INFO 15096 --- [           main] com.zaxxer.hikari.pool.HikariPool        : HikariPool-1 - Added connection com.mysql.cj.jdbc.ConnectionImpl@41f686af
2025-05-25T19:28:07.423+05:30  INFO 15096 --- [           main] com.zaxxer.hikari.HikariDataSource       : HikariPool-1 - Start completed.
2025-05-25T19:28:07.533+05:30  INFO 15096 --- [           main] org.hibernate.orm.connections.pooling    : HHH10001005: Database info:
	Database JDBC URL [Connecting through datasource 'HikariDataSource (HikariPool-1)']
	Database driver: undefined/unknown
	Database version: 8.0.41
	Autocommit mode: undefined/unknown
	Isolation level: undefined/unknown
	Minimum pool size: undefined/unknown
	Maximum pool size: undefined/unknown
2025-05-25T19:28:08.610+05:30  INFO 15096 --- [           main] o.h.e.t.j.p.i.JtaPlatformInitiator       : HHH000489: No JTA platform available (set 'hibernate.transaction.jta.platform' to enable JTA platform integration)
2025-05-25T19:28:08.674+05:30  INFO 15096 --- [           main] j.LocalContainerEntityManagerFactoryBean : Initialized JPA EntityManagerFactory for persistence unit 'default'
2025-05-25T19:28:09.121+05:30  INFO 15096 --- [           main] c.e.s.thymeleafdemo.auth.SecurityConfig  : ? Creating BCryptPasswordEncoder bean
2025-05-25T19:28:09.123+05:30  INFO 15096 --- [           main] c.e.s.t.auth.AdminUserInitializer        : Checking if admin user exists...
2025-05-25T19:28:09.324+05:30  INFO 15096 --- [           main] c.e.s.t.auth.AdminUserInitializer        : ?? Admin user already exists.
2025-05-25T19:28:09.341+05:30  INFO 15096 --- [           main] c.e.s.thymeleafdemo.auth.SecurityConfig  : ? Creating AuthenticationManager bean
2025-05-25T19:28:09.377+05:30  INFO 15096 --- [           main] r$InitializeUserDetailsManagerConfigurer : Global AuthenticationManager configured with UserDetailsService bean with name customUserDetailsService
2025-05-25T19:28:09.605+05:30  WARN 15096 --- [           main] JpaBaseConfiguration$JpaWebConfiguration : spring.jpa.open-in-view is enabled by default. Therefore, database queries may be performed during view rendering. Explicitly configure spring.jpa.open-in-view to disable this warning
2025-05-25T19:28:09.744+05:30  INFO 15096 --- [           main] o.s.b.a.w.s.WelcomePageHandlerMapping    : Adding welcome page: class path resource [static/index.html]
2025-05-25T19:28:10.028+05:30  INFO 15096 --- [           main] c.e.s.thymeleafdemo.auth.SecurityConfig  : ? Configuring security filter chain
2025-05-25T19:28:10.029+05:30  INFO 15096 --- [           main] c.e.s.thymeleafdemo.auth.SecurityConfig  : ? Enabling CORS configuration
2025-05-25T19:28:10.029+05:30  INFO 15096 --- [           main] c.e.s.thymeleafdemo.auth.SecurityConfig  : ? Creating CORS configuration source
2025-05-25T19:28:10.030+05:30  INFO 15096 --- [           main] c.e.s.thymeleafdemo.auth.SecurityConfig  : ? CORS configuration set for origins: [http://localhost:4200]
2025-05-25T19:28:10.032+05:30  INFO 15096 --- [           main] c.e.s.thymeleafdemo.auth.SecurityConfig  : ? Disabling CSRF protection
2025-05-25T19:28:10.043+05:30  INFO 15096 --- [           main] c.e.s.thymeleafdemo.auth.SecurityConfig  : ? Setting up authorization rules
2025-05-25T19:28:10.055+05:30  INFO 15096 --- [           main] c.e.s.thymeleafdemo.auth.SecurityConfig  : ? Swagger and OpenAPI docs access permitted without authentication
2025-05-25T19:28:10.058+05:30  INFO 15096 --- [           main] c.e.s.thymeleafdemo.auth.SecurityConfig  : ? Authentication endpoints (/api/auth/**) permitted without authentication
2025-05-25T19:28:10.066+05:30  INFO 15096 --- [           main] c.e.s.thymeleafdemo.auth.SecurityConfig  : ? Employee API restricted: GET for USER and ADMIN, others for ADMIN only
2025-05-25T19:28:10.068+05:30  INFO 15096 --- [           main] c.e.s.thymeleafdemo.auth.SecurityConfig  : ? All other requests require authentication
2025-05-25T19:28:10.068+05:30  INFO 15096 --- [           main] c.e.s.thymeleafdemo.auth.SecurityConfig  : ?? Setting session management to stateless
2025-05-25T19:28:10.069+05:30  INFO 15096 --- [           main] c.e.s.thymeleafdemo.auth.SecurityConfig  : ? Adding JWT filter before UsernamePasswordAuthenticationFilter
2025-05-25T19:28:10.069+05:30  INFO 15096 --- [           main] c.e.s.thymeleafdemo.auth.SecurityConfig  : ? Security filter chain configured successfully
2025-05-25T19:28:10.491+05:30  WARN 15096 --- [           main] ion$DefaultTemplateResolverConfiguration : Cannot find template location: classpath:/templates/ (please add some templates, check your Thymeleaf configuration, or set spring.thymeleaf.check-template-location=false)
2025-05-25T19:28:10.759+05:30  INFO 15096 --- [           main] c.e.s.t.ThymeleafdemoApplicationTests    : Started ThymeleafdemoApplicationTests in 6.924 seconds (process running for 8.436)
]]></system-out>
  </testcase>
</testsuite>